2015-09-09 22:40:27,991 Hu_Po.py [line:64] INFO new capital:第九十八幕 罗萨林骑士
2015-09-09 22:40:28,019 Hu_Po.py [line:77] INFO URL:http://www.ranwen.org/files/article/1/1335/434681.html
2015-09-09 22:40:28,458 Hu_Po.py [line:83] INFO capital:第九十九幕 堕落(四)(第一更开始,求支持啊,同学们热情别下降啊) get
2015-09-09 22:40:28,465 Hu_Po.py [line:77] INFO URL:http://www.ranwen.org/files/article/1/1335/434682.html
2015-09-09 22:40:28,922 Hu_Po.py [line:83] INFO capital:第一百幕 堕落(五)(第二更,同学们求给力啊,我继续给力) get
2015-09-09 22:40:28,929 Hu_Po.py [line:77] INFO URL:http://www.ranwen.org/files/article/1/1335/434683.html
2015-09-09 22:40:29,364 Hu_Po.py [line:83] INFO capital:第一百零一幕 完美剧情线(三更爆完收工,明天继续) get
2015-09-09 22:40:29,371 Hu_Po.py [line:77] INFO URL:http://www.ranwen.org/files/article/1/1335/434684.html
2015-09-09 22:40:29,813 Hu_Po.py [line:83] INFO capital:第一百零二幕 引蛇出洞(一)(第一更开始了,大家准备好了吗) get
2015-09-09 22:40:29,821 Hu_Po.py [line:77] INFO URL:http://www.ranwen.org/files/article/1/1335/434685.html
2015-09-09 22:40:30,251 Hu_Po.py [line:83] INFO capital:第一百零三幕 引蛇出洞(二)(第二更登场,感谢大家的支持) get
2015-09-09 22:40:30,258 Hu_Po.py [line:77] INFO URL:http://www.ranwen.org/files/article/1/1335/434686.html
2015-09-09 22:40:30,689 Hu_Po.py [line:83] INFO capital:第一百零四幕 引蛇出洞(三)(第三更,再次感谢大家对我的支持,感恩,明天继续) get
2015-09-09 22:40:30,697 Hu_Po.py [line:77] INFO URL:http://www.ranwen.org/files/article/1/1335/434687.html
2015-09-09 22:40:31,136 Hu_Po.py [line:83] INFO capital:第一百零五幕 引蛇出洞(四)(第一更兼感谢章节) get
2015-09-09 22:40:31,142 Hu_Po.py [line:77] INFO URL:http://www.ranwen.org/files/article/1/1335/434688.html
2015-09-09 22:40:31,570 Hu_Po.py [line:83] INFO capital:第一百零六幕 引蛇出洞(五)(第二更,谢谢大家对我的支持) get
2015-09-09 22:40:31,576 Hu_Po.py [line:77] INFO URL:http://www.ranwen.org/files/article/1/1335/434689.html
2015-09-09 22:40:32,024 Hu_Po.py [line:83] INFO capital:第一百零七幕 引蛇出洞(六)(第三更,鞠躬,感激) get
2015-09-09 22:40:32,031 Hu_Po.py [line:77] INFO URL:http://www.ranwen.org/files/article/1/1335/434690.html
2015-09-09 22:40:32,463 Hu_Po.py [line:83] INFO capital:第一百零八幕 引蛇出洞(七) get
2015-09-09 22:40:32,469 Hu_Po.py [line:77] INFO URL:http://www.ranwen.org/files/article/1/1335/434691.html
2015-09-09 22:40:32,909 Hu_Po.py [line:83] INFO capital:第一百零九幕 摸尸体与意外 get
2015-09-09 22:40:32,917 Hu_Po.py [line:77] INFO URL:http://www.ranwen.org/files/article/1/1335/434692.html
2015-09-09 22:40:33,342 Hu_Po.py [line:83] INFO capital:第一百一十幕 意外收获文字版 get
2015-09-09 22:40:33,347 Hu_Po.py [line:77] INFO URL:http://www.ranwen.org/files/article/1/1335/434694.html
2015-09-09 22:40:33,807 Hu_Po.py [line:83] INFO capital:第一百一十一幕 旅发师的遗产（上） get
2015-09-09 22:40:33,815 Hu_Po.py [line:77] INFO URL:http://www.ranwen.org/files/article/1/1335/434695.html
2015-09-09 22:40:34,259 Hu_Po.py [line:83] INFO capital:第一百一十二幕 旅法师的遗产(下) get
2015-09-09 22:40:34,268 Hu_Po.py [line:77] INFO URL:http://www.ranwen.org/files/article/1/1335/543871.html
2015-09-09 22:40:34,702 Hu_Po.py [line:83] INFO capital:第一百一十三幕 决战(一) get
2015-09-09 22:40:34,709 Hu_Po.py [line:77] INFO URL:http://www.ranwen.org/files/article/1/1335/543872.html
2015-09-09 22:40:35,153 Hu_Po.py [line:83] INFO capital:第一百一十四幕 决战(二) get
2015-09-09 22:40:35,160 Hu_Po.py [line:77] INFO URL:http://www.ranwen.org/files/article/1/1335/543873.html
2015-09-09 22:40:35,575 Hu_Po.py [line:83] INFO capital:第一百一十五幕 决战(三) get
2015-09-09 22:40:35,581 Hu_Po.py [line:77] INFO URL:http://www.ranwen.org/files/article/1/1335/543874.html
2015-09-09 22:40:36,008 Hu_Po.py [line:83] INFO capital:第一百一十六幕 决战(四)(第一更,求订阅求推荐) get
2015-09-09 22:40:36,015 Hu_Po.py [line:77] INFO URL:http://www.ranwen.org/files/article/1/1335/543875.html
2015-09-09 22:40:36,446 Hu_Po.py [line:83] INFO capital:第一百一十七幕 决战(五)(第二更,求订阅求推荐) get
2015-09-09 22:40:36,454 Hu_Po.py [line:77] INFO URL:http://www.ranwen.org/files/article/1/1335/543876.html
2015-09-09 22:40:36,905 Hu_Po.py [line:83] INFO capital:第一百一十八幕 决战(六)(第三更,更完收工) get
2015-09-09 22:40:36,912 Hu_Po.py [line:77] INFO URL:http://www.ranwen.org/files/article/1/1335/543877.html
2015-09-09 22:40:37,355 Hu_Po.py [line:83] INFO capital:第一百一十九章 决战(七)(求下月保底) get
2015-09-09 22:40:37,362 Hu_Po.py [line:77] INFO URL:http://www.ranwen.org/files/article/1/1335/543878.html
2015-09-09 22:40:37,836 Hu_Po.py [line:83] INFO capital:第一百二十章 决战(八)(第一更,求月票求订阅求推荐) get
2015-09-09 22:40:37,844 Hu_Po.py [line:77] INFO URL:http://www.ranwen.org/files/article/1/1335/543879.html
2015-09-09 22:40:38,323 Hu_Po.py [line:83] INFO capital:第一百二十一幕 决战(九)(第二更) get
2015-09-09 22:40:38,333 Hu_Po.py [line:77] INFO URL:http://www.ranwen.org/files/article/1/1335/543880.html
2015-09-09 22:40:38,794 Hu_Po.py [line:83] INFO capital:第一百二十二幕 决战(十)(第三更) get
2015-09-09 22:40:38,805 Hu_Po.py [line:77] INFO URL:http://www.ranwen.org/files/article/1/1335/543881.html
2015-09-09 22:40:39,242 Hu_Po.py [line:83] INFO capital:第一百二十三幕 对不起,我不是骑士(第四更) get
2015-09-09 22:40:39,249 Hu_Po.py [line:77] INFO URL:http://www.ranwen.org/files/article/1/1335/543882.html
2015-09-09 22:40:39,715 Hu_Po.py [line:83] INFO capital:第一百二十四幕 背后的观察者(第一更,谢谢大家的表扬,心里很暖的说) get
2015-09-09 22:40:39,722 Hu_Po.py [line:77] INFO URL:http://www.ranwen.org/files/article/1/1335/543883.html
2015-09-09 22:40:40,160 Hu_Po.py [line:83] INFO capital:第一百二十五幕 背后的观察者(第二更,继续求月票订阅和推荐)) get
2015-09-09 22:40:40,167 Hu_Po.py [line:77] INFO URL:http://www.ranwen.org/files/article/1/1335/543884.html
2015-09-09 22:40:40,644 Hu_Po.py [line:83] INFO capital:第一百二十六幕 力量与责任(一)(第三更,上一幕章节名应为偶然遭遇) get
2015-09-09 22:40:40,651 Hu_Po.py [line:77] INFO URL:http://www.ranwen.org/files/article/1/1335/543885.html
2015-09-09 22:40:41,129 Hu_Po.py [line:83] INFO capital:第一百二十七幕 力量与责任(二)(第一更) get
2015-09-09 22:40:41,137 Hu_Po.py [line:77] INFO URL:http://www.ranwen.org/files/article/1/1335/543886.html
2015-09-09 22:40:41,600 Hu_Po.py [line:83] INFO capital:第一百二十八幕 骑士的认同(第二更) get
2015-09-09 22:40:41,607 Hu_Po.py [line:77] INFO URL:http://www.ranwen.org/files/article/1/1335/543887.html
2015-09-09 22:40:42,064 Hu_Po.py [line:83] INFO capital:第一百二十九幕 援军(第三更) get
2015-09-09 22:40:42,072 Hu_Po.py [line:77] INFO URL:http://www.ranwen.org/files/article/1/1335/543888.html
2015-09-09 22:40:42,518 Hu_Po.py [line:83] INFO capital:第一百三十幕 吾友(一)(第一更) get
2015-09-09 22:40:42,526 Hu_Po.py [line:77] INFO URL:http://www.ranwen.org/files/article/1/1335/543889.html
2015-09-09 22:40:42,975 Hu_Po.py [line:83] INFO capital:第一百三十一幕 吾友(二)(第二更)] get
2015-09-09 22:40:42,982 Hu_Po.py [line:77] INFO URL:http://www.ranwen.org/files/article/1/1335/543890.html
2015-09-09 22:40:43,449 Hu_Po.py [line:83] INFO capital:第一百三十二幕 夏末(第三更) get
2015-09-09 22:40:43,455 Hu_Po.py [line:77] INFO URL:http://www.ranwen.org/files/article/1/1335/543891.html
2015-09-09 22:40:43,913 Hu_Po.py [line:83] INFO capital:第一百三十三幕 罗曼的第二个计划(上)(第一更) get
2015-09-09 22:40:43,919 Hu_Po.py [line:77] INFO URL:http://www.ranwen.org/files/article/1/1335/543892.html
2015-09-09 22:40:44,347 Hu_Po.py [line:83] INFO capital:第一百三十四幕 罗曼的第二个计划(中)(第二更) get
2015-09-09 22:40:44,354 Hu_Po.py [line:77] INFO URL:http://www.ranwen.org/files/article/1/1335/543893.html
2015-09-09 22:40:44,798 Hu_Po.py [line:83] INFO capital:第一百三十五幕 罗曼的第二个计划(下)(第三更) get
2015-09-09 22:40:44,805 Hu_Po.py [line:77] INFO URL:http://www.ranwen.org/files/article/1/1335/543894.html
2015-09-09 22:40:45,266 Hu_Po.py [line:83] INFO capital:第一百三十六幕 争端 get
2015-09-09 22:40:45,276 Hu_Po.py [line:77] INFO URL:http://www.ranwen.org/files/article/1/1335/543895.html
2015-09-09 22:40:45,726 Hu_Po.py [line:83] INFO capital:第一百三十七幕 礼物(第二更,求票) get
2015-09-09 22:40:45,735 Hu_Po.py [line:77] INFO URL:http://www.ranwen.org/files/article/1/1335/543896.html
2015-09-09 22:40:46,186 Hu_Po.py [line:83] INFO capital:第一百三十八幕 第一次接触,要素之墙(第三更,求票) get
2015-09-09 22:40:46,193 Hu_Po.py [line:77] INFO URL:http://www.ranwen.org/files/article/1/1335/543897.html
2015-09-09 22:40:46,624 Hu_Po.py [line:83] INFO capital:第一百三十九幕 温言的希望(一) get
2015-09-09 22:40:46,631 Hu_Po.py [line:77] INFO URL:http://www.ranwen.org/files/article/1/1335/543898.html
2015-09-09 22:40:47,076 Hu_Po.py [line:83] INFO capital:第一百四十幕 温言的希望(二) get
2015-09-09 22:40:47,083 Hu_Po.py [line:77] INFO URL:http://www.ranwen.org/files/article/1/1335/543899.html
2015-09-09 22:40:47,531 Hu_Po.py [line:83] INFO capital:第一百四十一幕 温言的希望(三) get
2015-09-09 22:40:47,538 Hu_Po.py [line:77] INFO URL:http://www.ranwen.org/files/article/1/1335/543900.html
2015-09-09 22:40:47,983 Hu_Po.py [line:83] INFO capital:第一百四十二幕 温言的希望(四)(第三更) get
2015-09-09 22:40:47,990 Hu_Po.py [line:77] INFO URL:http://www.ranwen.org/files/article/1/1335/543901.html
2015-09-09 22:40:48,569 Hu_Po.py [line:83] INFO capital:第一百四十三幕 温言的希望(五)(第一更) get
2015-09-09 22:40:48,586 Hu_Po.py [line:77] INFO URL:http://www.ranwen.org/files/article/1/1335/543902.html
2015-09-09 22:40:49,106 Hu_Po.py [line:83] INFO capital:第一百四十四幕 温言的希望(六)(第二更) get
2015-09-09 22:40:49,115 Hu_Po.py [line:77] INFO URL:http://www.ranwen.org/files/article/1/1335/543903.html
2015-09-09 22:40:49,600 Hu_Po.py [line:83] INFO capital:第一百四十五幕 温言的希望(七)(第三更) get
2015-09-09 22:40:49,609 Hu_Po.py [line:77] INFO URL:http://www.ranwen.org/files/article/1/1335/543904.html
2015-09-09 22:40:50,080 Hu_Po.py [line:83] INFO capital:第一百四十六幕 温言的希望(八)(第一更,求支持,最近成绩惨淡) get
2015-09-09 22:40:50,087 Hu_Po.py [line:77] INFO URL:http://www.ranwen.org/files/article/1/1335/543905.html
2015-09-09 22:40:50,542 Hu_Po.py [line:83] INFO capital:第一百四十七幕 温言的希望(九)(第二更,求支持,最近成绩惨淡) get
2015-09-09 22:40:50,549 Hu_Po.py [line:77] INFO URL:http://www.ranwen.org/files/article/1/1335/543906.html
2015-09-09 22:40:51,025 Hu_Po.py [line:83] INFO capital:第一百四十八幕 破晓(一)(第三更,求支持,最近成绩惨淡) get
2015-09-09 22:40:51,032 Hu_Po.py [line:77] INFO URL:http://www.ranwen.org/files/article/1/1335/543907.html
2015-09-09 22:40:51,504 Hu_Po.py [line:83] INFO capital:第一百四十九幕 破晓(二) get
2015-09-09 22:40:51,511 Hu_Po.py [line:77] INFO URL:http://www.ranwen.org/files/article/1/1335/543908.html
2015-09-09 22:40:51,969 Hu_Po.py [line:83] INFO capital:第一百五十幕 破晓(三)(第一更) get
2015-09-09 22:40:51,976 Hu_Po.py [line:77] INFO URL:http://www.ranwen.org/files/article/1/1335/543909.html
2015-09-09 22:40:52,434 Hu_Po.py [line:83] INFO capital:第一百五十一幕 破晓(四)(第二更) get
2015-09-09 22:40:52,442 Hu_Po.py [line:77] INFO URL:http://www.ranwen.org/files/article/1/1335/543910.html
2015-09-09 22:40:52,909 Hu_Po.py [line:83] INFO capital:第一百五十二幕 破晓（五） get
2015-09-09 22:40:52,917 Hu_Po.py [line:77] INFO URL:http://www.ranwen.org/files/article/1/1335/543911.html
2015-09-09 22:40:53,382 Hu_Po.py [line:83] INFO capital:第一百五十三幕 破晓(六) get
2015-09-09 22:40:53,396 Hu_Po.py [line:77] INFO URL:http://www.ranwen.org/files/article/1/1335/543912.html
2015-09-09 22:40:53,886 Hu_Po.py [line:83] INFO capital:第一百五十四幕 破晓(七) get
2015-09-09 22:40:53,893 Hu_Po.py [line:77] INFO URL:http://www.ranwen.org/files/article/1/1335/543913.html
2015-09-09 22:40:54,364 Hu_Po.py [line:83] INFO capital:第一百五十五幕 破晓(八) get
2015-09-09 22:40:54,372 Hu_Po.py [line:77] INFO URL:http://www.ranwen.org/files/article/1/1335/543914.html
2015-09-09 22:40:54,829 Hu_Po.py [line:83] INFO capital:第一百五十六幕 破晓(九) get
2015-09-09 22:40:54,837 Hu_Po.py [line:77] INFO URL:http://www.ranwen.org/files/article/1/1335/543915.html
2015-09-09 22:40:55,297 Hu_Po.py [line:83] INFO capital:第一百五十七幕 破晓(十)(第二更,封推求支持) get
2015-09-09 22:40:55,305 Hu_Po.py [line:77] INFO URL:http://www.ranwen.org/files/article/1/1335/543916.html
2015-09-09 22:40:56,037 Hu_Po.py [line:83] INFO capital:第一百五十八幕 旅法师的战争(一)(第三更,封推求支持) get
2015-09-09 22:40:56,048 Hu_Po.py [line:77] INFO URL:http://www.ranwen.org/files/article/1/1335/543917.html
2015-09-09 22:40:57,827 Hu_Po.py [line:83] INFO capital:第一百五十九幕 旅法师的战争(二)(第四更,封推求支持) get
2015-09-09 22:40:57,835 Hu_Po.py [line:77] INFO URL:http://www.ranwen.org/files/article/1/1335/543918.html
2015-09-09 22:40:58,859 Hu_Po.py [line:83] INFO capital:第一百六十幕 旅法师的战争(三)(第一更,求订阅) get
2015-09-09 22:40:58,871 Hu_Po.py [line:77] INFO URL:http://www.ranwen.org/files/article/1/1335/543919.html
2015-09-09 22:40:59,545 Hu_Po.py [line:83] INFO capital:第一百六十一幕 旅法师的战争(四)(第二更,求订阅) get
2015-09-09 22:40:59,685 Hu_Po.py [line:77] INFO URL:http://www.ranwen.org/files/article/1/1335/543920.html
2015-09-09 22:41:00,129 Hu_Po.py [line:83] INFO capital:第一百六十二幕 旅法师的战争(五)(第一更,求订阅) get
2015-09-09 22:41:00,152 Hu_Po.py [line:77] INFO URL:http://www.ranwen.org/files/article/1/1335/543921.html
2015-09-09 22:41:00,578 Hu_Po.py [line:83] INFO capital:第一百六十三幕 旅法师的战争(六)(第二更,求订阅) get
2015-09-09 22:41:00,582 Hu_Po.py [line:77] INFO URL:http://www.ranwen.org/files/article/1/1335/543922.html
2015-09-09 22:41:01,064 Hu_Po.py [line:83] INFO capital:第一百六十四幕 赌徒的轮盘()(第三更,求订阅) get
2015-09-09 22:41:01,071 Hu_Po.py [line:77] INFO URL:http://www.ranwen.org/files/article/1/1335/543923.html
2015-09-09 22:41:01,523 Hu_Po.py [line:83] INFO capital:第一百六十五幕 赌徒的轮盘(二)(第四更,求订阅) get
2015-09-09 22:41:01,530 Hu_Po.py [line:77] INFO URL:http://www.ranwen.org/files/article/1/1335/543924.html
2015-09-09 22:41:01,977 Hu_Po.py [line:83] INFO capital:第一百六十六幕 赌徒的轮盘(三) get
2015-09-09 22:41:01,984 Hu_Po.py [line:77] INFO URL:http://www.ranwen.org/files/article/1/1335/543925.html
2015-09-09 22:41:02,418 Hu_Po.py [line:83] INFO capital:第一幕 信笺(一) get
2015-09-09 22:41:02,426 Hu_Po.py [line:77] INFO URL:http://www.ranwen.org/files/article/1/1335/543926.html
2015-09-09 22:41:02,846 Hu_Po.py [line:83] INFO capital:第二幕 信笺(二)(双倍求下月票,明天爆发) get
2015-09-09 22:41:02,852 Hu_Po.py [line:77] INFO URL:http://www.ranwen.org/files/article/1/1335/543927.html
2015-09-09 22:41:03,264 Hu_Po.py [line:83] INFO capital:第三幕 信笺(三)(双倍求下月票,第一更) get
2015-09-09 22:41:03,270 Hu_Po.py [line:77] INFO URL:http://www.ranwen.org/files/article/1/1335/543928.html
2015-09-09 22:41:03,700 Hu_Po.py [line:83] INFO capital:第四幕 信笺(四)(双倍求下月票,第二更) get
2015-09-09 22:41:03,706 Hu_Po.py [line:77] INFO URL:http://www.ranwen.org/files/article/1/1335/543929.html
2015-09-09 22:41:04,190 Hu_Po.py [line:83] INFO capital:第五幕 信笺(五)(第一更,双倍求下月票) get
2015-09-09 22:41:04,198 Hu_Po.py [line:77] INFO URL:http://www.ranwen.org/files/article/1/1335/543930.html
2015-09-09 22:41:04,636 Hu_Po.py [line:83] INFO capital:第六幕 信笺(六)(第二更,双倍求下月票) get
2015-09-09 22:41:04,644 Hu_Po.py [line:77] INFO URL:http://www.ranwen.org/files/article/1/1335/543931.html
2015-09-09 22:41:05,061 Hu_Po.py [line:83] INFO capital:第七幕 领地(一) get
2015-09-09 22:41:05,067 Hu_Po.py [line:77] INFO URL:http://www.ranwen.org/files/article/1/1335/543932.html
2015-09-09 22:41:05,516 Hu_Po.py [line:83] INFO capital:第八幕 领地(二) get
2015-09-09 22:41:05,525 Hu_Po.py [line:77] INFO URL:http://www.ranwen.org/files/article/1/1335/543933.html
2015-09-09 22:41:05,948 Hu_Po.py [line:83] INFO capital:第九幕 领地(三) get
2015-09-09 22:41:05,954 Hu_Po.py [line:77] INFO URL:http://www.ranwen.org/files/article/1/1335/543934.html
2015-09-09 22:41:06,381 Hu_Po.py [line:83] INFO capital:第十幕 领地(四) get
2015-09-09 22:41:06,390 Hu_Po.py [line:77] INFO URL:http://www.ranwen.org/files/article/1/1335/543935.html
2015-09-09 22:41:06,824 Hu_Po.py [line:83] INFO capital:第十一幕 领地(五) get
2015-09-09 22:41:06,831 Hu_Po.py [line:77] INFO URL:http://www.ranwen.org/files/article/1/1335/543936.html
2015-09-09 22:41:07,259 Hu_Po.py [line:83] INFO capital:第十二幕 领地(六) get
2015-09-09 22:41:07,266 Hu_Po.py [line:77] INFO URL:http://www.ranwen.org/files/article/1/1335/543937.html
2015-09-09 22:41:07,685 Hu_Po.py [line:83] INFO capital:第十三幕 领地(七) get
2015-09-09 22:41:07,692 Hu_Po.py [line:77] INFO URL:http://www.ranwen.org/files/article/1/1335/543938.html
2015-09-09 22:41:08,107 Hu_Po.py [line:83] INFO capital:第十四幕 伐木场争夺战(一) get
2015-09-09 22:41:08,115 Hu_Po.py [line:77] INFO URL:http://www.ranwen.org/files/article/1/1335/543939.html
2015-09-09 22:41:08,538 Hu_Po.py [line:83] INFO capital:第十五幕 伐木场争夺战(二) get
2015-09-09 22:41:08,547 Hu_Po.py [line:77] INFO URL:http://www.ranwen.org/files/article/1/1335/543940.html
2015-09-09 22:41:09,157 Hu_Po.py [line:83] INFO capital:第十六幕 伐木场争夺战(三)(第一更) get
2015-09-09 22:41:09,165 Hu_Po.py [line:77] INFO URL:http://www.ranwen.org/files/article/1/1335/543941.html
2015-09-09 22:41:09,606 Hu_Po.py [line:83] INFO capital:第十七幕 伐木场争夺战(四)(第二更,求点支持) get
2015-09-09 22:41:09,618 Hu_Po.py [line:77] INFO URL:http://www.ranwen.org/files/article/1/1335/543942.html
2015-09-09 22:41:10,083 Hu_Po.py [line:83] INFO capital:第十八幕 伐木场争夺战(五) get
2015-09-09 22:41:10,090 Hu_Po.py [line:77] INFO URL:http://www.ranwen.org/files/article/1/1335/543943.html
2015-09-09 22:41:10,531 Hu_Po.py [line:83] INFO capital:第十九幕 伐木场争夺战(六)(第一更,今天爆发,求订阅) get
2015-09-09 22:41:10,538 Hu_Po.py [line:77] INFO URL:http://www.ranwen.org/files/article/1/1335/543944.html
2015-09-09 22:41:11,141 Hu_Po.py [line:83] INFO capital:第二十幕 扩张(一)(第二更,今天爆发,求订阅) get
2015-09-09 22:41:11,768 Hu_Po.py [line:77] INFO URL:http://www.ranwen.org/files/article/1/1335/543945.html
2015-09-09 22:41:13,178 Hu_Po.py [line:83] INFO capital:第二十一幕 扩张(二)(第三更,今天爆发,求订阅) get
2015-09-09 22:41:13,197 Hu_Po.py [line:77] INFO URL:http://www.ranwen.org/files/article/1/1335/543946.html
2015-09-09 22:41:13,643 Hu_Po.py [line:83] INFO capital:第二十二幕 扩张(三) get
2015-09-09 22:41:13,652 Hu_Po.py [line:77] INFO URL:http://www.ranwen.org/files/article/1/1335/543947.html
2015-09-09 22:41:14,105 Hu_Po.py [line:83] INFO capital:第二十三幕 扩张(四) get
2015-09-09 22:41:14,112 Hu_Po.py [line:77] INFO URL:http://www.ranwen.org/files/article/1/1335/543948.html
2015-09-09 22:41:14,567 Hu_Po.py [line:83] INFO capital:第二十四幕 扩张(五) (同学们儿童节快乐,第一更) get
2015-09-09 22:41:14,575 Hu_Po.py [line:77] INFO URL:http://www.ranwen.org/files/article/1/1335/543949.html
2015-09-09 22:41:15,028 Hu_Po.py [line:83] INFO capital:第二十五幕 扩张(六) (同学们儿童节快乐,第二更,求下月票) get
2015-09-09 22:41:15,039 Hu_Po.py [line:77] INFO URL:http://www.ranwen.org/files/article/1/1335/543950.html
2015-09-09 22:41:15,505 Hu_Po.py [line:83] INFO capital:第二十六幕 扩张(七) (第一更,最近的心态似乎平和点了,求月票) get
2015-09-09 22:41:15,513 Hu_Po.py [line:77] INFO URL:http://www.ranwen.org/files/article/1/1335/543951.html
2015-09-09 22:41:15,971 Hu_Po.py [line:83] INFO capital:第二十七幕 扩张(八) (第二更,,求月票,订阅也求) get
2015-09-09 22:41:15,978 Hu_Po.py [line:77] INFO URL:http://www.ranwen.org/files/article/1/1335/543952.html
2015-09-09 22:41:16,478 Hu_Po.py [line:83] INFO capital:第二十八幕 扩张(九) (第一更,,求月票,订阅也求) get
2015-09-09 22:41:16,492 Hu_Po.py [line:77] INFO URL:http://www.ranwen.org/files/article/1/1335/543953.html
2015-09-09 22:41:17,163 Hu_Po.py [line:83] INFO capital:第二十九幕 扩张(十) (第二更,求月票,订阅也求) get
2015-09-09 22:41:17,294 Hu_Po.py [line:77] INFO URL:http://www.ranwen.org/files/article/1/1335/543954.html
2015-09-09 22:41:18,004 Hu_Po.py [line:83] INFO capital:第三十幕 扩张(十一) (第一更) get
2015-09-09 22:41:18,015 Hu_Po.py [line:77] INFO URL:http://www.ranwen.org/files/article/1/1335/543955.html
2015-09-09 22:41:18,532 Hu_Po.py [line:83] INFO capital:第三十一幕 扩张(十二) (第二更) get
2015-09-09 22:41:18,545 Hu_Po.py [line:77] INFO URL:http://www.ranwen.org/files/article/1/1335/543956.html
2015-09-09 22:41:19,000 Hu_Po.py [line:83] INFO capital:第三十二幕 扩张(十三) (第三更) get
2015-09-09 22:41:19,010 Hu_Po.py [line:77] INFO URL:http://www.ranwen.org/files/article/1/1335/543957.html
2015-09-09 22:41:19,477 Hu_Po.py [line:83] INFO capital:第三十三幕 扩张(十四) get
2015-09-09 22:41:19,484 Hu_Po.py [line:77] INFO URL:http://www.ranwen.org/files/article/1/1335/543958.html
2015-09-09 22:41:19,928 Hu_Po.py [line:83] INFO capital:第三十四幕 扩张(十五) (第一更,求支持) get
2015-09-09 22:41:19,934 Hu_Po.py [line:77] INFO URL:http://www.ranwen.org/files/article/1/1335/543959.html
2015-09-09 22:41:20,696 Hu_Po.py [line:83] INFO capital:第三十五幕 扩张(十六) (第二更,求支持) get
2015-09-09 22:41:20,703 Hu_Po.py [line:77] INFO URL:http://www.ranwen.org/files/article/1/1335/543960.html
2015-09-09 22:41:21,160 Hu_Po.py [line:83] INFO capital:第三十六幕 修女公主(第一更) get
2015-09-09 22:41:21,170 Hu_Po.py [line:77] INFO URL:http://www.ranwen.org/files/article/1/1335/543961.html
2015-09-09 22:41:21,669 Hu_Po.py [line:83] INFO capital:第三十七幕 芙蕾娅的剑术 (第二更) get
2015-09-09 22:41:21,676 Hu_Po.py [line:77] INFO URL:http://www.ranwen.org/files/article/1/1335/543962.html
2015-09-09 22:41:22,105 Hu_Po.py [line:83] INFO capital:第三十八幕 爵士,年轻人与猎人 (第一更) get
2015-09-09 22:41:22,111 Hu_Po.py [line:77] INFO URL:http://www.ranwen.org/files/article/1/1335/543963.html
2015-09-09 22:41:22,552 Hu_Po.py [line:83] INFO capital:第三十九幕 沙夫伦德镇 (第二更) get
2015-09-09 22:41:22,558 Hu_Po.py [line:77] INFO URL:http://www.ranwen.org/files/article/1/1335/543964.html
2015-09-09 22:41:23,056 Hu_Po.py [line:83] INFO capital:第四十幕 银矿(一)(第一更) get
2015-09-09 22:41:23,066 Hu_Po.py [line:77] INFO URL:http://www.ranwen.org/files/article/1/1335/543965.html
2015-09-09 22:41:23,581 Hu_Po.py [line:83] INFO capital:第四十一幕 银矿(二)(第二更) get
2015-09-09 22:41:23,590 Hu_Po.py [line:77] INFO URL:http://www.ranwen.org/files/article/1/1335/543966.html
2015-09-09 22:41:24,059 Hu_Po.py [line:83] INFO capital:第四十二幕 银矿(三)(第一更,求下支持) get
2015-09-09 22:41:24,069 Hu_Po.py [line:77] INFO URL:http://www.ranwen.org/files/article/1/1335/543967.html
2015-09-09 22:41:24,550 Hu_Po.py [line:83] INFO capital:第四十三幕 银矿(四)(第二更,求下支持) get
2015-09-09 22:41:24,562 Hu_Po.py [line:77] INFO URL:http://www.ranwen.org/files/article/1/1335/543968.html
2015-09-09 22:41:25,064 Hu_Po.py [line:83] INFO capital:第四十四幕 银矿(五) get
2015-09-09 22:41:25,075 Hu_Po.py [line:77] INFO URL:http://www.ranwen.org/files/article/1/1335/543969.html
2015-09-09 22:41:25,546 Hu_Po.py [line:83] INFO capital:第四十五幕 银矿(六)(第一更,求支持,没人支持会死的哟) get
2015-09-09 22:41:25,559 Hu_Po.py [line:77] INFO URL:http://www.ranwen.org/files/article/1/1335/543970.html
2015-09-09 22:41:26,029 Hu_Po.py [line:83] INFO capital:第四十六幕 银矿(七)(第二更,求支持,没人支持会死的哟) get
2015-09-09 22:41:26,039 Hu_Po.py [line:77] INFO URL:http://www.ranwen.org/files/article/1/1335/543971.html
2015-09-09 22:41:26,515 Hu_Po.py [line:83] INFO capital:第四十七幕 银矿(八)(第三更,求支持,没人支持会死的哟) get
2015-09-09 22:41:26,527 Hu_Po.py [line:77] INFO URL:http://www.ranwen.org/files/article/1/1335/543972.html
2015-09-09 22:41:26,992 Hu_Po.py [line:83] INFO capital:第四十八幕 银矿(九)(第一更,求支持,要痊愈还得继续给力) get
2015-09-09 22:41:27,000 Hu_Po.py [line:77] INFO URL:http://www.ranwen.org/files/article/1/1335/543973.html
2015-09-09 22:41:27,452 Hu_Po.py [line:83] INFO capital:第四十九幕 银矿(十)(第二更,求支持,要痊愈还得继续给力) get
2015-09-09 22:41:27,460 Hu_Po.py [line:77] INFO URL:http://www.ranwen.org/files/article/1/1335/543974.html
2015-09-09 22:41:27,965 Hu_Po.py [line:83] INFO capital:第五十幕 地底之王(一)(第一更,求支持) get
2015-09-09 22:41:27,975 Hu_Po.py [line:77] INFO URL:http://www.ranwen.org/files/article/1/1335/543975.html
2015-09-09 22:41:28,452 Hu_Po.py [line:83] INFO capital:第五十一幕 地底之王(二)(第二更,求支持) get
2015-09-09 22:41:28,462 Hu_Po.py [line:77] INFO URL:http://www.ranwen.org/files/article/1/1335/543976.html
2015-09-09 22:41:28,929 Hu_Po.py [line:83] INFO capital:第五十二幕 地底之王(三)(第一更) get
2015-09-09 22:41:28,937 Hu_Po.py [line:77] INFO URL:http://www.ranwen.org/files/article/1/1335/543977.html
2015-09-09 22:41:29,387 Hu_Po.py [line:83] INFO capital:第五十三幕 地底之王(四)(第二更) get
2015-09-09 22:41:29,398 Hu_Po.py [line:77] INFO URL:http://www.ranwen.org/files/article/1/1335/543978.html
2015-09-09 22:41:29,927 Hu_Po.py [line:83] INFO capital:第五十四幕 地底之王(五)(第一更) get
2015-09-09 22:41:29,949 Hu_Po.py [line:77] INFO URL:http://www.ranwen.org/files/article/1/1335/543979.html
2015-09-09 22:41:30,474 Hu_Po.py [line:83] INFO capital:第五十五幕 地底之王(六)(第二更) get
2015-09-09 22:41:30,483 Hu_Po.py [line:77] INFO URL:http://www.ranwen.org/files/article/1/1335/543980.html
2015-09-09 22:41:30,959 Hu_Po.py [line:83] INFO capital:第五十六幕 地底之王(七)(第一更) get
2015-09-09 22:41:30,968 Hu_Po.py [line:77] INFO URL:http://www.ranwen.org/files/article/1/1335/543981.html
2015-09-09 22:41:31,503 Hu_Po.py [line:83] INFO capital:第五十七幕 地底之王(八)(第二更) get
2015-09-09 22:41:31,513 Hu_Po.py [line:77] INFO URL:http://www.ranwen.org/files/article/1/1335/543982.html
2015-09-09 22:41:32,036 Hu_Po.py [line:83] INFO capital:第五十八幕 地底之王(九)(调整调整) get
2015-09-09 22:41:32,046 Hu_Po.py [line:77] INFO URL:http://www.ranwen.org/files/article/1/1335/543983.html
2015-09-09 22:41:32,548 Hu_Po.py [line:83] INFO capital:第五十九幕 地底之王(十)(第一更) get
2015-09-09 22:41:32,558 Hu_Po.py [line:77] INFO URL:http://www.ranwen.org/files/article/1/1335/543984.html
2015-09-09 22:41:33,094 Hu_Po.py [line:83] INFO capital:第六十幕 地底之王(十一)(第二更) get
2015-09-09 22:41:33,108 Hu_Po.py [line:77] INFO URL:http://www.ranwen.org/files/article/1/1335/543985.html
2015-09-09 22:41:33,599 Hu_Po.py [line:83] INFO capital:第六十一幕 地底之王(十二)(第三更) get
2015-09-09 22:41:33,606 Hu_Po.py [line:77] INFO URL:http://www.ranwen.org/files/article/1/1335/543986.html
2015-09-09 22:41:34,053 Hu_Po.py [line:83] INFO capital:第六十二幕 地底之王(十三)(第一更)(求支持,不求没人理啊.) get
2015-09-09 22:41:34,060 Hu_Po.py [line:77] INFO URL:http://www.ranwen.org/files/article/1/1335/543987.html
2015-09-09 22:41:34,506 Hu_Po.py [line:83] INFO capital:第六十三幕 地底之王(十四)(第二更)(求支持,不求没人理啊.) get
2015-09-09 22:41:34,513 Hu_Po.py [line:77] INFO URL:http://www.ranwen.org/files/article/1/1335/543988.html
2015-09-09 22:41:34,976 Hu_Po.py [line:83] INFO capital:第六十四幕 地底之王(十五)(第一更)(求支持,谢谢大家的支持) get
2015-09-09 22:41:34,984 Hu_Po.py [line:77] INFO URL:http://www.ranwen.org/files/article/1/1335/543989.html
2015-09-09 22:41:35,465 Hu_Po.py [line:83] INFO capital:第六十五幕 地底之王(十六)(第二更)(求支持,谢谢大家的支持) get
2015-09-09 22:41:35,474 Hu_Po.py [line:77] INFO URL:http://www.ranwen.org/files/article/1/1335/543990.html
2015-09-09 22:41:35,933 Hu_Po.py [line:83] INFO capital:第六十六幕 地底之王(十七) get
2015-09-09 22:41:35,941 Hu_Po.py [line:77] INFO URL:http://www.ranwen.org/files/article/1/1335/543991.html
2015-09-09 22:41:36,444 Hu_Po.py [line:83] INFO capital:第六十七幕 地底之王(十八)(第一更,求顶求支持) get
2015-09-09 22:41:36,457 Hu_Po.py [line:77] INFO URL:http://www.ranwen.org/files/article/1/1335/543992.html
2015-09-09 22:41:36,936 Hu_Po.py [line:83] INFO capital:第六十八幕 地底之王(十九)(第二更,求顶求支持) get
2015-09-09 22:41:36,948 Hu_Po.py [line:77] INFO URL:http://www.ranwen.org/files/article/1/1335/543993.html
2015-09-09 22:41:37,419 Hu_Po.py [line:83] INFO capital:第六十九幕 地底之王(二十)(今日一更) get
2015-09-09 22:41:37,442 Hu_Po.py [line:77] INFO URL:http://www.ranwen.org/files/article/1/1335/543994.html
2015-09-09 22:41:37,975 Hu_Po.py [line:83] INFO capital:第七十幕 地底之王(二十一)(第一更) get
2015-09-09 22:41:37,982 Hu_Po.py [line:77] INFO URL:http://www.ranwen.org/files/article/1/1335/543995.html
2015-09-09 22:41:38,437 Hu_Po.py [line:83] INFO capital:第七十一幕 地底之王(二十二)(第二更) get
2015-09-09 22:41:38,449 Hu_Po.py [line:77] INFO URL:http://www.ranwen.org/files/article/1/1335/543996.html
2015-09-09 22:41:38,877 Hu_Po.py [line:83] INFO capital:勘误 今晚22和21的顺序更反了 get
2015-09-09 22:41:38,883 Hu_Po.py [line:77] INFO URL:http://www.ranwen.org/files/article/1/1335/543997.html
2015-09-09 22:41:39,382 Hu_Po.py [line:83] INFO capital:第七十二幕 地底之王(二十三)(第一更,最后一天求票兼求下月保底啊) get
2015-09-09 22:41:39,392 Hu_Po.py [line:77] INFO URL:http://www.ranwen.org/files/article/1/1335/543998.html
2015-09-09 22:41:39,906 Hu_Po.py [line:83] INFO capital:第七十三幕 地底之王(二十四)(第二更,最后一天求票兼求下月保底啊) get
2015-09-09 22:41:39,915 Hu_Po.py [line:77] INFO URL:http://www.ranwen.org/files/article/1/1335/543999.html
2015-09-09 22:41:40,346 Hu_Po.py [line:83] INFO capital:党的生日,天地交感 get
2015-09-09 22:41:40,355 Hu_Po.py [line:77] INFO URL:http://www.ranwen.org/files/article/1/1335/544000.html
2015-09-09 22:41:40,813 Hu_Po.py [line:83] INFO capital:第七十四幕 地底之王(二十五)(第一更,求支持啊!!) get
2015-09-09 22:41:40,820 Hu_Po.py [line:77] INFO URL:http://www.ranwen.org/files/article/1/1335/544001.html
2015-09-09 22:41:41,281 Hu_Po.py [line:83] INFO capital:第七十五幕 地底之王(二十六)(第二更,求支持啊!!) get
2015-09-09 22:41:41,288 Hu_Po.py [line:77] INFO URL:http://www.ranwen.org/files/article/1/1335/544002.html
2015-09-09 22:41:41,715 Hu_Po.py [line:83] INFO capital:第七十六幕 地底之王(二十七)(第三更,求支持啊!!) get
2015-09-09 22:41:41,723 Hu_Po.py [line:77] INFO URL:http://www.ranwen.org/files/article/1/1335/544003.html
2015-09-09 22:41:42,233 Hu_Po.py [line:83] INFO capital:第七十七幕 地底之王(二十八)(第一更,敬请期待) get
2015-09-09 22:41:42,242 Hu_Po.py [line:77] INFO URL:http://www.ranwen.org/files/article/1/1335/544004.html
2015-09-09 22:41:42,686 Hu_Po.py [line:83] INFO capital:第七十八幕 地底之王(二十九)(第二更,敬请期待) get
2015-09-09 22:41:42,694 Hu_Po.py [line:77] INFO URL:http://www.ranwen.org/files/article/1/1335/544005.html
2015-09-09 22:41:43,140 Hu_Po.py [line:83] INFO capital:第七十九幕 地底之王(完)(第三更,敬请期待) get
2015-09-09 22:41:43,147 Hu_Po.py [line:77] INFO URL:http://www.ranwen.org/files/article/1/1335/544006.html
2015-09-09 22:41:43,599 Hu_Po.py [line:83] INFO capital:第八十幕 意外来客(第四更了哦,敬请期待) get
2015-09-09 22:41:43,605 Hu_Po.py [line:77] INFO URL:http://www.ranwen.org/files/article/1/1335/544007.html
2015-09-09 22:41:44,076 Hu_Po.py [line:83] INFO capital:第八十一幕 两难(第五更了哦,敬请期待) get
2015-09-09 22:41:44,082 Hu_Po.py [line:77] INFO URL:http://www.ranwen.org/files/article/1/1335/544008.html
2015-09-09 22:41:44,541 Hu_Po.py [line:83] INFO capital:第八十二幕 传承(第六更了哦,敬请期待) get
2015-09-09 22:41:44,548 Hu_Po.py [line:77] INFO URL:http://www.ranwen.org/files/article/1/1335/544009.html
2015-09-09 22:41:45,020 Hu_Po.py [line:83] INFO capital:第八十三幕 伏击(第一更了哦,敬请期待) get
2015-09-09 22:41:45,027 Hu_Po.py [line:77] INFO URL:http://www.ranwen.org/files/article/1/1335/544010.html
2015-09-09 22:41:45,469 Hu_Po.py [line:83] INFO capital:第八十四幕 芙蕾娅的信(第二更了哦,敬请期待) get
2015-09-09 22:41:45,476 Hu_Po.py [line:77] INFO URL:http://www.ranwen.org/files/article/1/1335/544011.html
2015-09-09 22:41:45,932 Hu_Po.py [line:83] INFO capital:第八十五幕 矿山的新主人(第三更了哦,敬请期待) get
2015-09-09 22:41:45,940 Hu_Po.py [line:77] INFO URL:http://www.ranwen.org/files/article/1/1335/544012.html
2015-09-09 22:41:46,406 Hu_Po.py [line:83] INFO capital:第八十六幕 战争的征兆(第四更了哦,敬请期待) get
2015-09-09 22:41:46,414 Hu_Po.py [line:77] INFO URL:http://www.ranwen.org/files/article/1/1335/544013.html
2015-09-09 22:41:46,871 Hu_Po.py [line:83] INFO capital:第八十七幕 风暴汇聚(一)(第五更了哦,敬请期待) get
2015-09-09 22:41:46,880 Hu_Po.py [line:77] INFO URL:http://www.ranwen.org/files/article/1/1335/544014.html
2015-09-09 22:41:47,360 Hu_Po.py [line:83] INFO capital:第八十八幕 风暴汇聚(二)(第六更了哦,敬请期待) get
2015-09-09 22:41:47,368 Hu_Po.py [line:77] INFO URL:http://www.ranwen.org/files/article/1/1335/544015.html
2015-09-09 22:41:47,799 Hu_Po.py [line:83] INFO capital:第八十九幕 风暴汇聚(三)(第一更) get
2015-09-09 22:41:47,806 Hu_Po.py [line:77] INFO URL:http://www.ranwen.org/files/article/1/1335/544016.html
2015-09-09 22:41:48,260 Hu_Po.py [line:83] INFO capital:第九十幕 风暴汇聚(四)(第二更) get
2015-09-09 22:41:48,269 Hu_Po.py [line:77] INFO URL:http://www.ranwen.org/files/article/1/1335/544017.html
2015-09-09 22:41:48,710 Hu_Po.py [line:83] INFO capital:第九十一幕 风暴汇聚(完)(第一更) get
2015-09-09 22:41:48,716 Hu_Po.py [line:77] INFO URL:http://www.ranwen.org/files/article/1/1335/544018.html
2015-09-09 22:41:49,153 Hu_Po.py [line:83] INFO capital:第九十二幕 布兰多的首席建筑师(第二更) get
2015-09-09 22:41:49,160 Hu_Po.py [line:77] INFO URL:http://www.ranwen.org/files/article/1/1335/544019.html
2015-09-09 22:41:49,616 Hu_Po.py [line:83] INFO capital:第九十三幕 归来，冷杉堡 get
2015-09-09 22:41:49,623 Hu_Po.py [line:77] INFO URL:http://www.ranwen.org/files/article/1/1335/544020.html
2015-09-09 22:41:50,070 Hu_Po.py [line:83] INFO capital:第九十四幕 少女的织线（一） get
2015-09-09 22:41:50,076 Hu_Po.py [line:77] INFO URL:http://www.ranwen.org/files/article/1/1335/544021.html
2015-09-09 22:41:50,529 Hu_Po.py [line:83] INFO capital:第九十五幕 少女的织线（二） get
2015-09-09 22:41:50,538 Hu_Po.py [line:77] INFO URL:http://www.ranwen.org/files/article/1/1335/544022.html
2015-09-09 22:41:51,036 Hu_Po.py [line:83] INFO capital:第九十六幕 少女的织线（三） get
2015-09-09 22:41:51,048 Hu_Po.py [line:77] INFO URL:http://www.ranwen.org/files/article/1/1335/544023.html
2015-09-09 22:41:51,629 Hu_Po.py [line:83] INFO capital:第九十七幕 少女的织线（四)(第一更,开始) get
2015-09-09 22:41:51,642 Hu_Po.py [line:77] INFO URL:http://www.ranwen.org/files/article/1/1335/544024.html
2015-09-09 22:41:52,898 Hu_Po.py [line:83] INFO capital:第九十八幕 少女的织线（完)(第二更,求支持啊) get
2015-09-09 22:41:52,928 Hu_Po.py [line:77] INFO URL:http://www.ranwen.org/files/article/1/1335/544025.html
2015-09-09 22:41:53,464 Hu_Po.py [line:83] INFO capital:第九十九幕 赤铜龙的来客(上)(第一更,求支持啊) get
2015-09-09 22:41:53,473 Hu_Po.py [line:77] INFO URL:http://www.ranwen.org/files/article/1/1335/544026.html
2015-09-09 22:41:53,930 Hu_Po.py [line:83] INFO capital:第一百幕 赤铜龙的来客(下)(第二更,求支持啊) get
2015-09-09 22:41:53,935 Hu_Po.py [line:77] INFO URL:http://www.ranwen.org/files/article/1/1335/544027.html
2015-09-09 22:41:54,381 Hu_Po.py [line:83] INFO capital:第一百零一幕 托尼格尔与年轻的领主(一)(第一更) get
2015-09-09 22:41:54,386 Hu_Po.py [line:77] INFO URL:http://www.ranwen.org/files/article/1/1335/544028.html
2015-09-09 22:41:54,849 Hu_Po.py [line:83] INFO capital:第一百零二幕 托尼格尔与年轻的领主(二)(第二更) get
2015-09-09 22:41:54,858 Hu_Po.py [line:77] INFO URL:http://www.ranwen.org/files/article/1/1335/544029.html
2015-09-09 22:41:55,362 Hu_Po.py [line:83] INFO capital:第一百零三幕 托尼格尔与年轻的领主(三)(第一更) get
2015-09-09 22:41:55,369 Hu_Po.py [line:77] INFO URL:http://www.ranwen.org/files/article/1/1335/544030.html
2015-09-09 22:41:55,823 Hu_Po.py [line:83] INFO capital:第一百零四幕 托尼格尔与年轻的领主(四)(第二更) get
2015-09-09 22:41:55,831 Hu_Po.py [line:77] INFO URL:http://www.ranwen.org/files/article/1/1335/544031.html
2015-09-09 22:41:56,316 Hu_Po.py [line:83] INFO capital:第一百零五幕 托尼格尔与年轻的领主(五)(第一更,大家的支持呢) get
2015-09-09 22:41:56,323 Hu_Po.py [line:77] INFO URL:http://www.ranwen.org/files/article/1/1335/544032.html
2015-09-09 22:41:56,917 Hu_Po.py [line:83] INFO capital:第一百零六幕 托尼格尔与年轻的领主(六)(第二更,大家的支持呢) get
2015-09-09 22:41:56,932 Hu_Po.py [line:77] INFO URL:http://www.ranwen.org/files/article/1/1335/544033.html
2015-09-09 22:41:57,428 Hu_Po.py [line:83] INFO capital:第一百零七幕 托尼格尔与年轻的领主(七)(第一更,大家的支持呢) get
2015-09-09 22:41:57,444 Hu_Po.py [line:77] INFO URL:http://www.ranwen.org/files/article/1/1335/544034.html
2015-09-09 22:41:57,955 Hu_Po.py [line:83] INFO capital:第一百零八幕 托尼格尔与年轻的领主(八)(第二更,大家的支持呢) get
2015-09-09 22:41:57,963 Hu_Po.py [line:77] INFO URL:http://www.ranwen.org/files/article/1/1335/544035.html
2015-09-09 22:41:58,420 Hu_Po.py [line:83] INFO capital:第一百零九幕 托尼格尔与年轻的领主(九)(第一更,名次狂掉啊) get
2015-09-09 22:41:58,428 Hu_Po.py [line:77] INFO URL:http://www.ranwen.org/files/article/1/1335/544036.html
2015-09-09 22:41:58,922 Hu_Po.py [line:83] INFO capital:第一百一十幕 托尼格尔与年轻的领主(十)(第二更,名次狂掉啊) get
2015-09-09 22:41:58,941 Hu_Po.py [line:77] INFO URL:http://www.ranwen.org/files/article/1/1335/544037.html
2015-09-09 22:41:59,416 Hu_Po.py [line:83] INFO capital:第一百一十一幕 托尼格尔与年轻的领主(十一)(第一更) get
2015-09-09 22:41:59,423 Hu_Po.py [line:77] INFO URL:http://www.ranwen.org/files/article/1/1335/544038.html
2015-09-09 22:41:59,885 Hu_Po.py [line:83] INFO capital:第一百一十二幕 托尼格尔与年轻的领主(十二)(第二更) get
2015-09-09 22:41:59,892 Hu_Po.py [line:77] INFO URL:http://www.ranwen.org/files/article/1/1335/544039.html
2015-09-09 22:42:00,327 Hu_Po.py [line:83] INFO capital:第一百一十三幕 托尼格尔与年轻的领主(十三)(第一更) get
2015-09-09 22:42:00,334 Hu_Po.py [line:77] INFO URL:http://www.ranwen.org/files/article/1/1335/544040.html
2015-09-09 22:42:00,810 Hu_Po.py [line:83] INFO capital:第一百一十四幕 黑森林边境(一)(第二更) get
2015-09-09 22:42:00,818 Hu_Po.py [line:77] INFO URL:http://www.ranwen.org/files/article/1/1335/544041.html
2015-09-09 22:42:01,279 Hu_Po.py [line:83] INFO capital:第一百一十四幕 黑森林边境(二)(第一更) get
2015-09-09 22:42:01,285 Hu_Po.py [line:77] INFO URL:http://www.ranwen.org/files/article/1/1335/544042.html
2015-09-09 22:42:01,731 Hu_Po.py [line:83] INFO capital:第一百一十四幕 黑森林边境(三)(第二更) get
2015-09-09 22:42:01,740 Hu_Po.py [line:77] INFO URL:http://www.ranwen.org/files/article/1/1335/544043.html
2015-09-09 22:42:02,233 Hu_Po.py [line:83] INFO capital:第一百一十五幕 炼金术宝库（一） get
2015-09-09 22:42:02,242 Hu_Po.py [line:77] INFO URL:http://www.ranwen.org/files/article/1/1335/544044.html
2015-09-09 22:42:02,714 Hu_Po.py [line:83] INFO capital:第一百一十五幕 炼金术宝库（二）(第二更) get
2015-09-09 22:42:02,722 Hu_Po.py [line:77] INFO URL:http://www.ranwen.org/files/article/1/1335/544045.html
2015-09-09 22:42:03,186 Hu_Po.py [line:83] INFO capital:第一百一十五幕 炼金术宝库（三） get
2015-09-09 22:42:03,193 Hu_Po.py [line:77] INFO URL:http://www.ranwen.org/files/article/1/1335/544046.html
2015-09-09 22:42:03,657 Hu_Po.py [line:83] INFO capital:第一百一十六幕 五头蛇蜥（一）（第二更） get
2015-09-09 22:42:03,664 Hu_Po.py [line:77] INFO URL:http://www.ranwen.org/files/article/1/1335/544047.html
2015-09-09 22:42:04,102 Hu_Po.py [line:83] INFO capital:第一百一十六幕 五头蛇蜥（二）（第一更） get
2015-09-09 22:42:04,108 Hu_Po.py [line:77] INFO URL:http://www.ranwen.org/files/article/1/1335/544048.html
2015-09-09 22:42:04,540 Hu_Po.py [line:83] INFO capital:第一百一十七幕 来自巢穴(一)（第二更） get
2015-09-09 22:42:04,546 Hu_Po.py [line:77] INFO URL:http://www.ranwen.org/files/article/1/1335/544049.html
2015-09-09 22:42:05,004 Hu_Po.py [line:83] INFO capital:第一百一十七幕 来自巢穴(二)（第一更） get
2015-09-09 22:42:05,013 Hu_Po.py [line:77] INFO URL:http://www.ranwen.org/files/article/1/1335/544050.html
2015-09-09 22:42:05,459 Hu_Po.py [line:83] INFO capital:第一百一十七幕 来自巢穴(三)（第二更） get
2015-09-09 22:42:05,466 Hu_Po.py [line:77] INFO URL:http://www.ranwen.org/files/article/1/1335/544051.html
2015-09-09 22:42:05,903 Hu_Po.py [line:83] INFO capital:第一百一十八幕 繁花之末（第一更） get
2015-09-09 22:42:05,910 Hu_Po.py [line:77] INFO URL:http://www.ranwen.org/files/article/1/1335/544052.html
2015-09-09 22:42:06,385 Hu_Po.py [line:83] INFO capital:第一百一十九幕 信风之环(一)(第二更) get
2015-09-09 22:42:06,391 Hu_Po.py [line:77] INFO URL:http://www.ranwen.org/files/article/1/1335/544053.html
2015-09-09 22:42:06,847 Hu_Po.py [line:83] INFO capital:第一百一十九幕 信风之环(二)(第一更) get
2015-09-09 22:42:06,859 Hu_Po.py [line:77] INFO URL:http://www.ranwen.org/files/article/1/1335/544054.html
2015-09-09 22:42:07,326 Hu_Po.py [line:83] INFO capital:第一百二十幕 绿之塔的集市(一)(第二更) get
2015-09-09 22:42:07,336 Hu_Po.py [line:77] INFO URL:http://www.ranwen.org/files/article/1/1335/544055.html
2015-09-09 22:42:07,824 Hu_Po.py [line:83] INFO capital:第一百二十幕 绿之塔的集市(二)(第一更) get
2015-09-09 22:42:07,835 Hu_Po.py [line:77] INFO URL:http://www.ranwen.org/files/article/1/1335/544056.html
2015-09-09 22:42:08,311 Hu_Po.py [line:83] INFO capital:第一百二十一幕 激斗(第二更) get
2015-09-09 22:42:08,318 Hu_Po.py [line:77] INFO URL:http://www.ranwen.org/files/article/1/1335/544057.html
2015-09-09 22:42:08,763 Hu_Po.py [line:83] INFO capital:第一百二十二幕 维罗妮卡(第一更) get
2015-09-09 22:42:08,771 Hu_Po.py [line:77] INFO URL:http://www.ranwen.org/files/article/1/1335/544058.html
2015-09-09 22:42:09,275 Hu_Po.py [line:83] INFO capital:第一百二十三幕 以二敌一(第二更) get
2015-09-09 22:42:09,284 Hu_Po.py [line:77] INFO URL:http://www.ranwen.org/files/article/1/1335/544059.html
2015-09-09 22:42:09,778 Hu_Po.py [line:83] INFO capital:第一百二十四幕 临渊（第三更） get
2015-09-09 22:42:09,788 Hu_Po.py [line:77] INFO URL:http://www.ranwen.org/files/article/1/1335/544060.html
2015-09-09 22:42:10,317 Hu_Po.py [line:83] INFO capital:第一百二十五幕布加 get
2015-09-09 22:42:10,328 Hu_Po.py [line:77] INFO URL:http://www.ranwen.org/files/article/1/1335/544061.html
2015-09-09 22:42:10,751 Hu_Po.py [line:83] INFO capital:单章求月票。 get
2015-09-09 22:42:10,758 Hu_Po.py [line:77] INFO URL:http://www.ranwen.org/files/article/1/1335/544062.html
2015-09-09 22:42:11,207 Hu_Po.py [line:83] INFO capital:第一百二十六幕 背后的阴谋 get
2015-09-09 22:42:11,216 Hu_Po.py [line:77] INFO URL:http://www.ranwen.org/files/article/1/1335/544063.html
2015-09-09 22:42:11,646 Hu_Po.py [line:83] INFO capital:第一百二十七幕 信风之环的变化（上） get
2015-09-09 22:42:11,653 Hu_Po.py [line:77] INFO URL:http://www.ranwen.org/files/article/1/1335/544064.html
2015-09-09 22:42:12,140 Hu_Po.py [line:83] INFO capital:第一百二十七幕 信风之环的变化（下）（第一更） get
2015-09-09 22:42:12,147 Hu_Po.py [line:77] INFO URL:http://www.ranwen.org/files/article/1/1335/544065.html
2015-09-09 22:42:12,624 Hu_Po.py [line:83] INFO capital:第一百二十八幕 潮汐 get
2015-09-09 22:42:12,633 Hu_Po.py [line:77] INFO URL:http://www.ranwen.org/files/article/1/1335/544066.html
2015-09-09 22:42:13,212 Hu_Po.py [line:83] INFO capital:第一百二十九幕 林地前线(第一更) get
2015-09-09 22:42:13,232 Hu_Po.py [line:77] INFO URL:http://www.ranwen.org/files/article/1/1335/544067.html
2015-09-09 22:42:13,695 Hu_Po.py [line:83] INFO capital:第一百三十幕 埃鲁因使节团（第二更） get
2015-09-09 22:42:13,701 Hu_Po.py [line:77] INFO URL:http://www.ranwen.org/files/article/1/1335/544068.html
2015-09-09 22:42:14,155 Hu_Po.py [line:83] INFO capital:第一百三十一幕 金鬃托奎宁(第一更) get
2015-09-09 22:42:14,163 Hu_Po.py [line:77] INFO URL:http://www.ranwen.org/files/article/1/1335/544069.html
2015-09-09 22:42:14,609 Hu_Po.py [line:83] INFO capital:第一百三十二幕 布兰多的回答（第二更） get
2015-09-09 22:42:14,618 Hu_Po.py [line:77] INFO URL:http://www.ranwen.org/files/article/1/1335/544070.html
2015-09-09 22:42:15,082 Hu_Po.py [line:83] INFO capital:第一百三十三幕 击退（第一更） get
2015-09-09 22:42:15,091 Hu_Po.py [line:77] INFO URL:http://www.ranwen.org/files/article/1/1335/544071.html
2015-09-09 22:42:15,550 Hu_Po.py [line:83] INFO capital:第一百三十四幕 布兰多的幕僚团（第二更） get
2015-09-09 22:42:15,558 Hu_Po.py [line:77] INFO URL:http://www.ranwen.org/files/article/1/1335/544072.html
2015-09-09 22:42:16,031 Hu_Po.py [line:83] INFO capital:第一百三十五幕 狼行（第三更） get
2015-09-09 22:42:16,038 Hu_Po.py [line:77] INFO URL:http://www.ranwen.org/files/article/1/1335/544073.html
2015-09-09 22:42:16,511 Hu_Po.py [line:83] INFO capital:第一百三十六幕 入战（第一更） get
2015-09-09 22:42:16,517 Hu_Po.py [line:77] INFO URL:http://www.ranwen.org/files/article/1/1335/544074.html
2015-09-09 22:42:16,979 Hu_Po.py [line:83] INFO capital:第一百三十七幕 森林同盟（第二更） get
2015-09-09 22:42:16,987 Hu_Po.py [line:77] INFO URL:http://www.ranwen.org/files/article/1/1335/544075.html
2015-09-09 22:42:17,446 Hu_Po.py [line:83] INFO capital:第一百三十八幕 突入重围（第一更） get
2015-09-09 22:42:17,454 Hu_Po.py [line:77] INFO URL:http://www.ranwen.org/files/article/1/1335/544076.html
2015-09-09 22:42:17,925 Hu_Po.py [line:83] INFO capital:148第一百三十九幕 雄狼（第二更） get
2015-09-09 22:42:17,933 Hu_Po.py [line:77] INFO URL:http://www.ranwen.org/files/article/1/1335/544077.html
2015-09-09 22:42:18,402 Hu_Po.py [line:83] INFO capital:第一百四十幕 雾中的敌人（第一更） get
2015-09-09 22:42:18,411 Hu_Po.py [line:77] INFO URL:http://www.ranwen.org/files/article/1/1335/544078.html
2015-09-09 22:42:18,935 Hu_Po.py [line:83] INFO capital:第一百四十一幕 岩桥（第二更） get
2015-09-09 22:42:18,944 Hu_Po.py [line:77] INFO URL:http://www.ranwen.org/files/article/1/1335/544079.html
2015-09-09 22:42:19,448 Hu_Po.py [line:83] INFO capital:第一百四十二幕 雾嚎（第一更） get
2015-09-09 22:42:19,464 Hu_Po.py [line:77] INFO URL:http://www.ranwen.org/files/article/1/1335/544080.html
2015-09-09 22:42:23,538 Hu_Po.py [line:83] INFO capital:第一百四十三幕 流失（第二更） get
2015-09-09 22:42:23,916 Hu_Po.py [line:77] INFO URL:http://www.ranwen.org/files/article/1/1335/544081.html
2015-09-09 22:42:24,774 Hu_Po.py [line:83] INFO capital:第一百四十四幕 埃希斯灾祸之心 get
2015-09-09 22:42:25,045 Hu_Po.py [line:77] INFO URL:http://www.ranwen.org/files/article/1/1335/544082.html
2015-09-09 22:42:25,641 Hu_Po.py [line:83] INFO capital:第一百四十五幕 巢穴领主（第一更） get
2015-09-09 22:42:25,670 Hu_Po.py [line:77] INFO URL:http://www.ranwen.org/files/article/1/1335/544083.html
2015-09-09 22:42:26,220 Hu_Po.py [line:83] INFO capital:第一百四十六幕 岩石加鲁鲁兽！（第二更） get
2015-09-09 22:42:26,235 Hu_Po.py [line:77] INFO URL:http://www.ranwen.org/files/article/1/1335/544084.html
2015-09-09 22:42:26,839 Hu_Po.py [line:83] INFO capital:第一百四十七幕 凋零（第一更） get
2015-09-09 22:42:26,851 Hu_Po.py [line:77] INFO URL:http://www.ranwen.org/files/article/1/1335/544085.html
2015-09-09 22:42:27,402 Hu_Po.py [line:83] INFO capital:第一百四十八幕 深入棘岭（第二更） get
2015-09-09 22:42:27,424 Hu_Po.py [line:77] INFO URL:http://www.ranwen.org/files/article/1/1335/544086.html
2015-09-09 22:42:28,037 Hu_Po.py [line:83] INFO capital:第一百四十九幕 神秘的遗体（第一更） get
2015-09-09 22:42:28,044 Hu_Po.py [line:77] INFO URL:http://www.ranwen.org/files/article/1/1335/544087.html
2015-09-09 22:42:28,486 Hu_Po.py [line:83] INFO capital:第一百五十幕 茜的异变（第二更） get
2015-09-09 22:42:28,492 Hu_Po.py [line:77] INFO URL:http://www.ranwen.org/files/article/1/1335/544088.html
2015-09-09 22:42:28,957 Hu_Po.py [line:83] INFO capital:第一百五十一幕 展开的帷幕（第一更） get
2015-09-09 22:42:28,964 Hu_Po.py [line:77] INFO URL:http://www.ranwen.org/files/article/1/1335/544089.html
2015-09-09 22:42:29,444 Hu_Po.py [line:83] INFO capital:第一百五十二幕 狼之冬至（第二更） get
2015-09-09 22:42:29,451 Hu_Po.py [line:77] INFO URL:http://www.ranwen.org/files/article/1/1335/544090.html
2015-09-09 22:42:29,994 Hu_Po.py [line:83] INFO capital:第一百五十三幕 狼之隘口，最后突击 get
2015-09-09 22:42:30,005 Hu_Po.py [line:77] INFO URL:http://www.ranwen.org/files/article/1/1335/544091.html
2015-09-09 22:42:30,453 Hu_Po.py [line:83] INFO capital:第一百五十四幕 灰剑圣(这是第二更我会说？) get
2015-09-09 22:42:30,461 Hu_Po.py [line:77] INFO URL:http://www.ranwen.org/files/article/1/1335/544092.html
2015-09-09 22:42:30,931 Hu_Po.py [line:83] INFO capital:第一百五十五幕 天大的误会！（写第四更会不会被打……？） get
2015-09-09 22:42:30,938 Hu_Po.py [line:77] INFO URL:http://www.ranwen.org/files/article/1/1335/544093.html
2015-09-09 22:42:31,379 Hu_Po.py [line:83] INFO capital:第一百五十六幕 人质？ get
2015-09-09 22:42:31,386 Hu_Po.py [line:77] INFO URL:http://www.ranwen.org/files/article/1/1335/544094.html
2015-09-09 22:42:31,868 Hu_Po.py [line:83] INFO capital:第一百五十七幕 谁的剑术（第二更） get
2015-09-09 22:42:31,875 Hu_Po.py [line:77] INFO URL:http://www.ranwen.org/files/article/1/1335/544095.html
2015-09-09 22:42:32,354 Hu_Po.py [line:83] INFO capital:第一百五十八幕 安蒂缇娜的命令（第一更） get
2015-09-09 22:42:32,362 Hu_Po.py [line:77] INFO URL:http://www.ranwen.org/files/article/1/1335/544096.html
2015-09-09 22:42:32,814 Hu_Po.py [line:83] INFO capital:第一百五十九幕 交汇（第一更） get
2015-09-09 22:42:32,821 Hu_Po.py [line:77] INFO URL:http://www.ranwen.org/files/article/1/1335/544097.html
2015-09-09 22:42:33,319 Hu_Po.py [line:83] INFO capital:第一百六十幕 龙之影（第二更） get
2015-09-09 22:42:33,338 Hu_Po.py [line:77] INFO URL:http://www.ranwen.org/files/article/1/1335/544098.html
2015-09-09 22:42:33,798 Hu_Po.py [line:83] INFO capital:第一百六十一幕 雾化 get
2015-09-09 22:42:33,807 Hu_Po.py [line:77] INFO URL:http://www.ranwen.org/files/article/1/1335/544099.html
2015-09-09 22:42:34,243 Hu_Po.py [line:83] INFO capital:第一百六十二幕 秘剑风舞 get
2015-09-09 22:42:34,250 Hu_Po.py [line:77] INFO URL:http://www.ranwen.org/files/article/1/1335/544100.html
2015-09-09 22:42:34,691 Hu_Po.py [line:83] INFO capital:第一百六十三幕 雾之森林 get
2015-09-09 22:42:34,698 Hu_Po.py [line:77] INFO URL:http://www.ranwen.org/files/article/1/1335/544101.html
2015-09-09 22:42:35,149 Hu_Po.py [line:83] INFO capital:第一百六十三幕 安曼 get
2015-09-09 22:42:35,157 Hu_Po.py [line:77] INFO URL:http://www.ranwen.org/files/article/1/1335/544102.html
2015-09-09 22:42:35,607 Hu_Po.py [line:83] INFO capital:第一百六十五幕 逃脱 get
2015-09-09 22:42:35,613 Hu_Po.py [line:77] INFO URL:http://www.ranwen.org/files/article/1/1335/544103.html
2015-09-09 22:42:36,073 Hu_Po.py [line:83] INFO capital:第一百六十六幕 什么战术？ get
2015-09-09 22:42:36,081 Hu_Po.py [line:77] INFO URL:http://www.ranwen.org/files/article/1/1335/544104.html
2015-09-09 22:42:36,557 Hu_Po.py [line:83] INFO capital:第一百六十七幕 死？ get
2015-09-09 22:42:36,567 Hu_Po.py [line:77] INFO URL:http://www.ranwen.org/files/article/1/1335/544105.html
2015-09-09 22:42:37,139 Hu_Po.py [line:83] INFO capital:第一百六十八幕 神使 get
2015-09-09 22:42:37,149 Hu_Po.py [line:77] INFO URL:http://www.ranwen.org/files/article/1/1335/544106.html
2015-09-09 22:42:37,602 Hu_Po.py [line:83] INFO capital:第一百六十九幕 黑暗之血 get
2015-09-09 22:42:37,613 Hu_Po.py [line:77] INFO URL:http://www.ranwen.org/files/article/1/1335/544107.html
2015-09-09 22:42:38,100 Hu_Po.py [line:83] INFO capital:第一百七十幕 命运天赋 get
2015-09-09 22:42:38,107 Hu_Po.py [line:77] INFO URL:http://www.ranwen.org/files/article/1/1335/544108.html
2015-09-09 22:42:38,555 Hu_Po.py [line:83] INFO capital:第一百七十一幕 遗民 get
2015-09-09 22:42:38,564 Hu_Po.py [line:77] INFO URL:http://www.ranwen.org/files/article/1/1335/544109.html
2015-09-09 22:42:39,046 Hu_Po.py [line:83] INFO capital:第一百七十二幕 交错 get
2015-09-09 22:42:39,055 Hu_Po.py [line:77] INFO URL:http://www.ranwen.org/files/article/1/1335/544110.html
2015-09-09 22:42:39,549 Hu_Po.py [line:83] INFO capital:第一百七十三幕 苏醒 get
2015-09-09 22:42:39,564 Hu_Po.py [line:77] INFO URL:http://www.ranwen.org/files/article/1/1335/544111.html
2015-09-09 22:42:40,224 Hu_Po.py [line:83] INFO capital:第一百七十四幕 远古之民 get
2015-09-09 22:42:40,234 Hu_Po.py [line:77] INFO URL:http://www.ranwen.org/files/article/1/1335/544112.html
2015-09-09 22:42:40,705 Hu_Po.py [line:83] INFO capital:第一百七十五幕 逃脱 get
2015-09-09 22:42:40,715 Hu_Po.py [line:77] INFO URL:http://www.ranwen.org/files/article/1/1335/544113.html
2015-09-09 22:42:41,185 Hu_Po.py [line:83] INFO capital:第一百七十六幕 诱敌深入 get
2015-09-09 22:42:41,192 Hu_Po.py [line:77] INFO URL:http://www.ranwen.org/files/article/1/1335/544114.html
2015-09-09 22:42:42,015 Hu_Po.py [line:83] INFO capital:第一百七十七幕 峡谷之战（上） get
2015-09-09 22:42:42,024 Hu_Po.py [line:77] INFO URL:http://www.ranwen.org/files/article/1/1335/544115.html
2015-09-09 22:42:42,466 Hu_Po.py [line:83] INFO capital:第一百七十七幕 峡谷之战（中） get
2015-09-09 22:42:42,474 Hu_Po.py [line:77] INFO URL:http://www.ranwen.org/files/article/1/1335/544116.html
2015-09-09 22:42:42,935 Hu_Po.py [line:83] INFO capital:第一百七十八幕 峡谷之战（下） get
2015-09-09 22:42:42,942 Hu_Po.py [line:77] INFO URL:http://www.ranwen.org/files/article/1/1335/544117.html
2015-09-09 22:42:43,532 Hu_Po.py [line:83] INFO capital:第一百七十九幕 梦 get
2015-09-09 22:42:43,543 Hu_Po.py [line:77] INFO URL:http://www.ranwen.org/files/article/1/1335/544118.html
2015-09-09 22:42:44,830 Hu_Po.py [line:83] INFO capital:第一百八十幕 穿过峡谷 get
2015-09-09 22:42:44,844 Hu_Po.py [line:77] INFO URL:http://www.ranwen.org/files/article/1/1335/544119.html
2015-09-09 22:42:45,762 Hu_Po.py [line:83] INFO capital:第一百八十一幕 瓦尔哈拉之门 get
2015-09-09 22:42:45,834 Hu_Po.py [line:77] INFO URL:http://www.ranwen.org/files/article/1/1335/544120.html
2015-09-09 22:42:46,391 Hu_Po.py [line:83] INFO capital:第一百八十二幕 最后时刻 get
2015-09-09 22:42:46,406 Hu_Po.py [line:77] INFO URL:http://www.ranwen.org/files/article/1/1335/544121.html
2015-09-09 22:42:47,153 Hu_Po.py [line:83] INFO capital:第一百八十三幕 德鲁伊的抉择（上） get
2015-09-09 22:42:47,171 Hu_Po.py [line:77] INFO URL:http://www.ranwen.org/files/article/1/1335/544122.html
2015-09-09 22:42:47,682 Hu_Po.py [line:83] INFO capital:第一百八十四幕 德鲁伊的抉择（下） get
2015-09-09 22:42:47,689 Hu_Po.py [line:77] INFO URL:http://www.ranwen.org/files/article/1/1335/544123.html
2015-09-09 22:42:48,071 Hu_Po.py [line:83] INFO capital:需要高V的同学入 get
2015-09-09 22:42:48,073 Hu_Po.py [line:77] INFO URL:http://www.ranwen.org/files/article/1/1335/544124.html
2015-09-09 22:42:48,539 Hu_Po.py [line:83] INFO capital:第一百八十五幕 最终时刻（一） get
2015-09-09 22:42:48,545 Hu_Po.py [line:77] INFO URL:http://www.ranwen.org/files/article/1/1335/544125.html
2015-09-09 22:42:49,009 Hu_Po.py [line:83] INFO capital:第一百八十六幕 最终时刻（二） get
2015-09-09 22:42:49,016 Hu_Po.py [line:77] INFO URL:http://www.ranwen.org/files/article/1/1335/544126.html
2015-09-09 22:42:49,460 Hu_Po.py [line:83] INFO capital:第一百八十七幕 最终时刻（三） get
2015-09-09 22:42:49,468 Hu_Po.py [line:77] INFO URL:http://www.ranwen.org/files/article/1/1335/544127.html
2015-09-09 22:42:49,912 Hu_Po.py [line:83] INFO capital:第一百八十八幕 最终时刻（四） get
2015-09-09 22:42:49,919 Hu_Po.py [line:77] INFO URL:http://www.ranwen.org/files/article/1/1335/544128.html
2015-09-09 22:42:50,353 Hu_Po.py [line:83] INFO capital:第一百八十九幕 最终时刻（五） get
2015-09-09 22:42:50,360 Hu_Po.py [line:77] INFO URL:http://www.ranwen.org/files/article/1/1335/544129.html
2015-09-09 22:42:50,827 Hu_Po.py [line:83] INFO capital:第一百九十幕 最终时刻（六） get
2015-09-09 22:42:50,835 Hu_Po.py [line:77] INFO URL:http://www.ranwen.org/files/article/1/1335/555438.html
2015-09-09 22:42:51,272 Hu_Po.py [line:83] INFO capital:第一百九十一幕 最终时刻（七） get
2015-09-09 22:42:51,280 Hu_Po.py [line:77] INFO URL:http://www.ranwen.org/files/article/1/1335/572430.html
2015-09-09 22:42:51,746 Hu_Po.py [line:83] INFO capital:第一百九十二幕 最终时刻（八） get
2015-09-09 22:42:51,762 Hu_Po.py [line:77] INFO URL:http://www.ranwen.org/files/article/1/1335/572431.html
2015-09-09 22:42:52,252 Hu_Po.py [line:83] INFO capital:第一百九十三幕 最终时刻（九） get
2015-09-09 22:42:52,266 Hu_Po.py [line:77] INFO URL:http://www.ranwen.org/files/article/1/1335/606337.html
2015-09-09 22:42:52,840 Hu_Po.py [line:83] INFO capital:第一百九十三幕 最终时刻（十） get
2015-09-09 22:42:52,850 Hu_Po.py [line:77] INFO URL:http://www.ranwen.org/files/article/1/1335/606338.html
2015-09-09 22:42:53,348 Hu_Po.py [line:83] INFO capital:第一百九十三幕 最终时刻（十一） get
2015-09-09 22:42:53,355 Hu_Po.py [line:77] INFO URL:http://www.ranwen.org/files/article/1/1335/606339.html
2015-09-09 22:42:53,809 Hu_Po.py [line:83] INFO capital:第一百九十四幕 最终时刻（十二） get
2015-09-09 22:42:53,817 Hu_Po.py [line:77] INFO URL:http://www.ranwen.org/files/article/1/1335/903304.html
2015-09-09 22:42:54,259 Hu_Po.py [line:83] INFO capital:第一百九十五幕 最终时刻（十三） get
2015-09-09 22:42:54,266 Hu_Po.py [line:77] INFO URL:http://www.ranwen.org/files/article/1/1335/2449421.html
2015-09-09 22:42:54,683 Hu_Po.py [line:83] INFO capital:推荐一本朋友的书 get
2015-09-09 22:42:54,688 Hu_Po.py [line:77] INFO URL:http://www.ranwen.org/files/article/1/1335/2719282.html
2015-09-09 22:42:55,230 Hu_Po.py [line:83] INFO capital:第一百九十七幕 最终时刻（十四） get
2015-09-09 22:42:55,241 Hu_Po.py [line:77] INFO URL:http://www.ranwen.org/files/article/1/1335/2722149.html
2015-09-09 22:42:55,669 Hu_Po.py [line:83] INFO capital:第一百九十八幕 最终时刻（十五） get
2015-09-09 22:42:55,678 Hu_Po.py [line:77] INFO URL:http://www.ranwen.org/files/article/1/1335/2724994.html
2015-09-09 22:42:56,117 Hu_Po.py [line:83] INFO capital:第一百九十九章 复国？ T get
2015-09-09 22:42:56,124 Hu_Po.py [line:77] INFO URL:http://www.ranwen.org/files/article/1/1335/2727176.html
2015-09-09 22:42:56,574 Hu_Po.py [line:83] INFO capital:第两百章 分赃与复国计划 T get
2015-09-09 22:42:56,585 Hu_Po.py [line:77] INFO URL:http://www.ranwen.org/files/article/1/1335/2729336.html
2015-09-09 22:42:57,101 Hu_Po.py [line:83] INFO capital:第二百零一章 大难不死必有后福 T get
2015-09-09 22:42:57,111 Hu_Po.py [line:77] INFO URL:http://www.ranwen.org/files/article/1/1335/2735184.html
2015-09-09 22:42:57,580 Hu_Po.py [line:83] INFO capital:第二百零二章 持续增加的战利品 T get
2015-09-09 22:42:57,594 Hu_Po.py [line:77] INFO URL:http://www.ranwen.org/files/article/1/1335/2737573.html
2015-09-09 22:42:58,036 Hu_Po.py [line:83] INFO capital:第二百零三章 地下的迷雾 T get
2015-09-09 22:42:58,042 Hu_Po.py [line:77] INFO URL:http://www.ranwen.org/files/article/1/1335/2740836.html
2015-09-09 22:42:58,527 Hu_Po.py [line:83] INFO capital:第二百零四幕 黑暗中的‘灯塔’ get
2015-09-09 22:42:58,536 Hu_Po.py [line:77] INFO URL:http://www.ranwen.org/files/article/1/1335/2744181.html
2015-09-09 22:42:59,012 Hu_Po.py [line:83] INFO capital:第二百零五幕 我将指你为王 get
2015-09-09 22:42:59,019 Hu_Po.py [line:77] INFO URL:http://www.ranwen.org/files/article/1/1335/2796099.html
2015-09-09 22:42:59,538 Hu_Po.py [line:83] INFO capital:第二百零六幕 种族？ get
2015-09-09 22:42:59,555 Hu_Po.py [line:77] INFO URL:http://www.ranwen.org/files/article/1/1335/2834355.html
2015-09-09 22:43:00,054 Hu_Po.py [line:83] INFO capital:第二百零七幕 眼线与情报 get
2015-09-09 22:43:00,063 Hu_Po.py [line:77] INFO URL:http://www.ranwen.org/files/article/1/1335/2858095.html
